<?xml version="1.0" encoding="UTF-8"?>
<testng-results ignored="0" total="1" passed="1" failed="0" skipped="0">
  <reporter-output>
  </reporter-output>
  <suite started-at="2025-05-24T17:44:27 IST" name="Default suite" finished-at="2025-05-24T17:45:49 IST" duration-ms="81928">
    <groups>
      <group name="cucumber">
        <method signature="AbstractTestNGCucumberTests.runScenario(io.cucumber.testng.PickleWrapper,io.cucumber.testng.FeatureWrapper)[pri:0, instance:com.firstcry.runner.TestRunner@742ff096]" name="runScenario" class="io.cucumber.testng.AbstractTestNGCucumberTests"/>
      </group> <!-- cucumber -->
    </groups>
    <test started-at="2025-05-24T17:44:27 IST" name="Default test" finished-at="2025-05-24T17:45:49 IST" duration-ms="81928">
      <class name="com.firstcry.runner.TestRunner">
        <test-method is-config="true" signature="setUpClass()[pri:0, instance:com.firstcry.runner.TestRunner@742ff096]" started-at="2025-05-24T17:44:27 IST" name="setUpClass" finished-at="2025-05-24T17:44:27 IST" duration-ms="481" status="PASS">
          <reporter-output>
          </reporter-output>
        </test-method> <!-- setUpClass -->
        <test-method signature="runScenario(io.cucumber.testng.PickleWrapper,io.cucumber.testng.FeatureWrapper)[pri:0, instance:com.firstcry.runner.TestRunner@742ff096]" started-at="2025-05-24T17:44:27 IST" name="runScenario" description="Runs Cucumber Scenarios" data-provider="scenarios" finished-at="2025-05-24T17:45:49 IST" duration-ms="81363" status="PASS">
          <params>
            <param index="0">
              <value>
                <![CDATA["Full flow using Excel data for dropdown and pincode validations"]]>
              </value>
            </param>
            <param index="1">
              <value>
                <![CDATA["Optional[FirstCry Flow with Invalid and Valid Inputs (Data-Driven from Excel)]"]]>
              </value>
            </param>
          </params>
          <reporter-output>
          </reporter-output>
        </test-method> <!-- runScenario -->
        <test-method is-config="true" signature="tearDownClass()[pri:0, instance:com.firstcry.runner.TestRunner@742ff096]" started-at="2025-05-24T17:45:49 IST" name="tearDownClass" finished-at="2025-05-24T17:45:49 IST" duration-ms="34" status="PASS">
          <reporter-output>
          </reporter-output>
        </test-method> <!-- tearDownClass -->
      </class> <!-- com.firstcry.runner.TestRunner -->
    </test> <!-- Default test -->
  </suite> <!-- Default suite -->
</testng-results>
