<?xml version="1.0" encoding="UTF-8"?>
<testng-results ignored="0" total="1" passed="1" failed="0" skipped="0">
  <reporter-output>
  </reporter-output>
  <suite started-at="2025-05-23T17:24:43 IST" name="Default suite" finished-at="2025-05-23T17:26:16 IST" duration-ms="92994">
    <groups>
    </groups>
    <test started-at="2025-05-23T17:24:43 IST" name="Default test" finished-at="2025-05-23T17:26:16 IST" duration-ms="92994">
      <class name="fristcryTest.NewTest">
        <test-method signature="testing()[pri:0, instance:fristcryTest.NewTest@3527942a]" started-at="2025-05-23T17:24:43 IST" name="testing" finished-at="2025-05-23T17:26:16 IST" duration-ms="92938" status="PASS">
          <reporter-output>
          </reporter-output>
        </test-method> <!-- testing -->
      </class> <!-- fristcryTest.NewTest -->
    </test> <!-- Default test -->
  </suite> <!-- Default suite -->
</testng-results>
